20:00:06 **** Build of configuration Debug for project 27seg ****
make all 
Building file: ../DIO_prog.c
Invoking: AVR Compiler
avr-gcc -Wall -g2 -gstabs -O0 -fpack-struct -fshort-enums -ffunction-sections -fdata-sections -std=gnu99 -funsigned-char -funsigned-bitfields -mmcu=atmega32 -DF_CPU=8000000UL -MMD -MP -MF"DIO_prog.d" -MT"DIO_prog.o" -c -o "DIO_prog.o" "../DIO_prog.c"
Finished building: ../DIO_prog.c
 
Building file: ../SSD_prog.c
Invoking: AVR Compiler
avr-gcc -Wall -g2 -gstabs -O0 -fpack-struct -fshort-enums -ffunction-sections -fdata-sections -std=gnu99 -funsigned-char -funsigned-bitfields -mmcu=atmega32 -DF_CPU=8000000UL -MMD -MP -MF"SSD_prog.d" -MT"SSD_prog.o" -c -o "SSD_prog.o" "../SSD_prog.c"
Finished building: ../SSD_prog.c
 
Building file: ../main.c
Invoking: AVR Compiler
avr-gcc -Wall -g2 -gstabs -O0 -fpack-struct -fshort-enums -ffunction-sections -fdata-sections -std=gnu99 -funsigned-char -funsigned-bitfields -mmcu=atmega32 -DF_CPU=8000000UL -MMD -MP -MF"main.d" -MT"main.o" -c -o "main.o" "../main.c"
In file included from ../main.c:11:
d:/iti/material/iti39/embedded-systems/assaf apps/imt_sdk_win_64/winavr/lib/gcc/../../avr/include/util/delay.h:90:3: warning: #warning "Compiler optimizations disabled; functions from <util/delay.h> won't work as designed"
Finished building: ../main.c
 
Building target: 27seg.elf
Invoking: AVR C Linker
avr-gcc -Wl,-Map,27seg.map -mmcu=atmega32 -o "27seg.elf"  ./DIO_prog.o ./SSD_prog.o ./main.o   
Finished building target: 27seg.elf
 
Invoking: AVR Create Extended Listing
avr-objdump -h -S 27seg.elf  >"27seg.lss"
Finished building: 27seg.lss
 
Create Flash image (ihex format)
avr-objcopy -R .eeprom -R .fuse -R .lock -R .signature -O ihex 27seg.elf  "27seg.hex"
Finished building: 27seg.hex
 
Invoking: Print Size
avr-size --format=avr --mcu=atmega32 27seg.elf
AVR Memory Usage
----------------
Device: atmega32

Program:    6406 bytes (19.5% Full)
(.text + .data + .bootloader)

Data:        170 bytes (8.3% Full)
(.data + .bss + .noinit)


Finished building: sizedummy
 

20:00:09 Build Finished (took 2s.687ms)

