20:00:16 **** Incremental Build of configuration Debug for project helloAVR ****
make all 
Building file: ../main.c
Invoking: AVR Compiler
avr-gcc -Wall -g2 -gstabs -O0 -fpack-struct -fshort-enums -ffunction-sections -fdata-sections -std=gnu99 -funsigned-char -funsigned-bitfields -mmcu=atmega32 -DF_CPU=8000000UL -MMD -MP -MF"main.d" -MT"main.o" -c -o "main.o" "../main.c"
Finished building: ../main.c
 
Building target: helloAVR.elf
Invoking: AVR C Linker
avr-gcc -Wl,-Map,helloAVR.map -mmcu=atmega32 -o "helloAVR.elf"  ./main.o   
Finished building target: helloAVR.elf
 
Create Flash image (ihex format)
avr-objcopy -R .eeprom -R .fuse -R .lock -R .signature -O ihex helloAVR.elf  "helloAVR.hex"
Finished building: helloAVR.hex
 
Invoking: Print Size
avr-size --format=avr --mcu=atmega32 helloAVR.elf
AVR Memory Usage
----------------
Device: atmega32

Program:     130 bytes (0.4% Full)
(.text + .data + .bootloader)

Data:          0 bytes (0.0% Full)
(.data + .bss + .noinit)


Finished building: sizedummy
 

20:00:18 Build Finished (took 1s.657ms)

