11:00:18 **** Incremental Build of configuration Debug for project LED_DREIVER_group ****
make all 
Building file: ../main.c
Invoking: AVR Compiler
avr-gcc -Wall -g2 -gstabs -O0 -fpack-struct -fshort-enums -ffunction-sections -fdata-sections -std=gnu99 -funsigned-char -funsigned-bitfields -mmcu=atmega32 -DF_CPU=8000000UL -MMD -MP -MF"main.d" -MT"main.o" -c -o "main.o" "../main.c"
In file included from ../main.c:10:
d:/iti/material/iti39/embedded-systems/assaf apps/imt_sdk_win_64/winavr/lib/gcc/../../avr/include/util/delay.h:90:3: warning: #warning "Compiler optimizations disabled; functions from <util/delay.h> won't work as designed"
Finished building: ../main.c
 
Building target: LED_DREIVER_group.elf
Invoking: AVR C Linker
avr-gcc -Wl,-Map,LED_DREIVER_group.map -mmcu=atmega32 -o "LED_DREIVER_group.elf"  ./DIO_prog.o ./LED_prog.o ./main.o   
Finished building target: LED_DREIVER_group.elf
 
Invoking: AVR Create Extended Listing
avr-objdump -h -S LED_DREIVER_group.elf  >"LED_DREIVER_group.lss"
Finished building: LED_DREIVER_group.lss
 
Create Flash image (ihex format)
avr-objcopy -R .eeprom -R .fuse -R .lock -R .signature -O ihex LED_DREIVER_group.elf  "LED_DREIVER_group.hex"
Finished building: LED_DREIVER_group.hex
 
Invoking: Print Size
avr-size --format=avr --mcu=atmega32 LED_DREIVER_group.elf
AVR Memory Usage
----------------
Device: atmega32

Program:    2194 bytes (6.7% Full)
(.text + .data + .bootloader)

Data:         12 bytes (0.6% Full)
(.data + .bss + .noinit)


Finished building: sizedummy
 

11:00:31 Build Finished (took 13s.100ms)

