16:14:58 **** Incremental Build of configuration Debug for project LMD_driver ****
make all 
Building file: ../main.c
Invoking: AVR Compiler
avr-gcc -Wall -g2 -gstabs -O0 -fpack-struct -fshort-enums -ffunction-sections -fdata-sections -std=gnu99 -funsigned-char -funsigned-bitfields -mmcu=atmega32 -DF_CPU=8000000UL -MMD -MP -MF"main.d" -MT"main.o" -c -o "main.o" "../main.c"
In file included from ../main.c:10:
d:/iti/material/iti39/embedded-systems/assaf apps/imt_sdk_win_64/winavr/lib/gcc/../../avr/include/util/delay.h:90:3: warning: #warning "Compiler optimizations disabled; functions from <util/delay.h> won't work as designed"
../main.c: In function 'main':
../main.c:69: warning: unused variable 'images_kick_football'
../main.c:51: warning: unused variable 'images_football'
../main.c:29: warning: unused variable 'Local_imageFrams1'
../main.c:24: warning: unused variable 'Local_imageFrams'
Finished building: ../main.c
 
Building target: LMD_driver.elf
Invoking: AVR C Linker
avr-gcc -Wl,-Map,LMD_driver.map -mmcu=atmega32 -o "LMD_driver.elf"  ./DIO_prog.o ./LMD_prog.o ./main.o   
Finished building target: LMD_driver.elf
 
Invoking: AVR Create Extended Listing
avr-objdump -h -S LMD_driver.elf  >"LMD_driver.lss"
Finished building: LMD_driver.lss
 
Create Flash image (ihex format)
avr-objcopy -R .eeprom -R .fuse -R .lock -R .signature -O ihex LMD_driver.elf  "LMD_driver.hex"
Finished building: LMD_driver.hex
 
Invoking: Print Size
avr-size --format=avr --mcu=atmega32 LMD_driver.elf
AVR Memory Usage
----------------
Device: atmega32

Program:    7308 bytes (22.3% Full)
(.text + .data + .bootloader)

Data:        200 bytes (9.8% Full)
(.data + .bss + .noinit)


Finished building: sizedummy
 

16:15:00 Build Finished (took 2s.328ms)

