16:09:52 **** Incremental Build of configuration Debug for project SWI_DRIVER_INITAL ****
make all 
Building file: ../main.c
Invoking: AVR Compiler
avr-gcc -Wall -g2 -gstabs -O0 -fpack-struct -fshort-enums -ffunction-sections -fdata-sections -std=gnu99 -funsigned-char -funsigned-bitfields -mmcu=atmega32 -DF_CPU=8000000UL -MMD -MP -MF"main.d" -MT"main.o" -c -o "main.o" "../main.c"
In file included from ../main.c:13:
d:/iti/material/iti39/embedded-systems/assaf apps/imt_sdk_win_64/winavr/lib/gcc/../../avr/include/util/delay.h:90:3: warning: #warning "Compiler optimizations disabled; functions from <util/delay.h> won't work as designed"
../main.c: In function 'main':
../main.c:20: warning: unused variable 'state'
Finished building: ../main.c
 
Building target: SWI_DRIVER_INITAL.elf
Invoking: AVR C Linker
avr-gcc -Wl,-Map,SWI_DRIVER_INITAL.map -mmcu=atmega32 -o "SWI_DRIVER_INITAL.elf"  ./DIO_prog.o ./LED_prog.o ./SWI_prog.o ./main.o   
Finished building target: SWI_DRIVER_INITAL.elf
 
Invoking: AVR Create Extended Listing
avr-objdump -h -S SWI_DRIVER_INITAL.elf  >"SWI_DRIVER_INITAL.lss"
Finished building: SWI_DRIVER_INITAL.lss
 
Create Flash image (ihex format)
avr-objcopy -R .eeprom -R .fuse -R .lock -R .signature -O ihex SWI_DRIVER_INITAL.elf  "SWI_DRIVER_INITAL.hex"
Finished building: SWI_DRIVER_INITAL.hex
 
Invoking: Print Size
avr-size --format=avr --mcu=atmega32 SWI_DRIVER_INITAL.elf
AVR Memory Usage
----------------
Device: atmega32

Program:    5760 bytes (17.6% Full)
(.text + .data + .bootloader)

Data:         36 bytes (1.8% Full)
(.data + .bss + .noinit)


Finished building: sizedummy
 

16:09:54 Build Finished (took 1s.797ms)

